<?xml version="1.0" encoding="UTF-8"?>
<!-- Generated by org.testng.reporters.JUnitReportReporter -->
<testsuite hostname="DESKTOP-GL141IQ" failures="0" tests="2" name="com.actitime.qa.testcases.HomePageTest" time="61.338" errors="0" timestamp="25 Sep 2022 17:25:47 GMT" skipped="0">
  <testcase classname="com.actitime.qa.testcases.HomePageTest" name="homePageLogoTest" time="28.179"/>
  <testcase classname="com.actitime.qa.testcases.HomePageTest" name="homePageTaskLinkTest" time="33.159"/>
</testsuite> <!-- com.actitime.qa.testcases.HomePageTest -->
