<?xml version="1.0" encoding="UTF-8"?>
<!-- Generated by org.testng.reporters.JUnitReportReporter -->
<testsuite hostname="DESKTOP-GL141IQ" failures="0" tests="2" name="com.actitime.qa.testcases.ReportPageTest" time="82.032" errors="0" timestamp="25 Sep 2022 17:25:47 GMT" skipped="0">
  <testcase classname="com.actitime.qa.testcases.ReportPageTest" name="reportsPageLogoTest" time="41.418"/>
  <testcase classname="com.actitime.qa.testcases.ReportPageTest" name="reportsPagenewReportTest" time="40.614"/>
</testsuite> <!-- com.actitime.qa.testcases.ReportPageTest -->
