<?xml version="1.0" encoding="UTF-8"?>
<!-- Generated by org.testng.reporters.JUnitReportReporter -->
<testsuite hostname="DESKTOP-GL141IQ" failures="0" tests="2" name="com.actitime.qa.testcases.UsersPageTest" time="67.731" errors="0" timestamp="25 Sep 2022 17:25:47 GMT" skipped="0">
  <testcase classname="com.actitime.qa.testcases.UsersPageTest" name="usersPageLogoTest" time="34.008"/>
  <testcase classname="com.actitime.qa.testcases.UsersPageTest" name="reportsPageNewReportTest" time="33.723"/>
</testsuite> <!-- com.actitime.qa.testcases.UsersPageTest -->
