<?xml version="1.0" encoding="UTF-8"?>
<!-- Generated by org.testng.reporters.JUnitReportReporter -->
<testsuite hostname="DESKTOP-GL141IQ" failures="0" tests="3" name="com.actitime.qa.testcases.LogonPageTest" time="71.039" errors="0" timestamp="25 Sep 2022 17:25:47 GMT" skipped="0">
  <testcase classname="com.actitime.qa.testcases.LogonPageTest" name="loginPageLogoTest" time="22.166"/>
  <testcase classname="com.actitime.qa.testcases.LogonPageTest" name="LoginTest" time="23.566"/>
  <testcase classname="com.actitime.qa.testcases.LogonPageTest" name="LoginTest" time="25.307"/>
</testsuite> <!-- com.actitime.qa.testcases.LogonPageTest -->
